<?xml version="1.0" encoding="UTF-8"?>
<!-- Generated by org.testng.reporters.JUnitReportReporter -->
<testsuite hostname="LAPTOP-OETBP0OI" failures="0" tests="1" name="admin.ForgetPasswordPage" time="24.369" errors="0" timestamp="2021-03-09T17:08:26 IST" skipped="0">
  <testcase classname="admin.ForgetPasswordPage" name="testcaseVerifyForgetPasswordPage" time="24.369"/>
  <system-out/>
</testsuite> <!-- admin.ForgetPasswordPage -->
