<?xml version="1.0" encoding="UTF-8"?>
<!-- Generated by org.testng.reporters.JUnitReportReporter -->
<testsuite hostname="LAPTOP-OETBP0OI" failures="0" tests="1" name="admin.Configuration" time="59.971" errors="0" timestamp="2021-03-12T12:49:06 IST" skipped="0">
  <testcase classname="admin.Configuration" name="testcaseUpdateProfilesection" time="59.971"/>
  <system-out/>
</testsuite> <!-- admin.Configuration -->
